der_guid":"54849625-5478-4994-a5ba3e3b0328c30d","provider_name":"Microsoft-Windows-Security-Auditing","channel":"Security","computer_name":"james-honeypot-windows-dirty"},"endgame":{"event_id":4625,"event_message":"An account failed to log on.\r\n\r\nSubject:\r\n\tSecurity ID:\t\tS-1-0-0\r\n\tAccount Name:\t\t-\r\n\tAccount Domain:\t\t-\r\n\tLogon ID:\t\t0x0\r\n\r\nLogon Type:\t\t\t3\r\n\r\nAccount For Which Logon Failed:\r\n\tSecurity ID:\t\tS-1-0-0\r\n\tAccount Name:\t\tFAXSERVER\r\n\tAccount Domain:\t\t\r\n\r\nFailure Information:\r\n\tFailure Reason:\t\tUnknown user name or bad password.\r\n\tStatus:\t\t\t0xC000006D\r\n\tSub Status:\t\t0xC0000064\r\n\r\nProcess Information:\r\n\tCaller Process ID:\t0x0\r\n\tCaller Process Name:\t-\r\n\r\nNetwork Information:\r\n\tWorkstation Name:\t-\r\n\tSource Network Address:\t185.202.1.119\r\n\tSource Port:\t\t0\r\n\r\nDetailed Authentication Information:\r\n\tLogon Process:\t\tNtLmSsp \r\n\tAuthentication Package:\tNTLM\r\n\tTransited Services:\t-\r\n\tPackage Name (NTLM only):\t-\r\n\tKey Length:\t\t0\r\n\r\nThis event is generated when a logon request fails. It is generated on the computer where access was attempted.\r\n\r\nThe Subject fields indicate the account on the local system which requested the logon. This is most commonly a service such as the Server service, or a local process such as Winlogon.exe or Services.exe.\r\n\r\nThe Logon Type field indicates the kind of logon that was requested. The most common types are 2 (interactive) and 3 (network).\r\n\r\nThe Process Information fields indicate which account and process on the system requested the logon.\r\n\r\nThe Network Information fields indicate where a remote logon request originated. Workstation name is not always available and may be left blank in some cases.\r\n\r\nThe authentication information fields provide detailed information about this specific logon request.\r\n\t- Transited services indicate which intermediate services have participated in this logon request.\r\n\t- Package name indicates which sub-protocol was used among the NTLM protocols.\r\n\t- Key length indicates the length of the generated session key. This will be 0 if no session key was requested.","event_subtype_full":"user_logon_failed","event_type_full":"security_event","level":0,"opcode":4625,"opcode_name":"Info","process_name":"-","process_path":"","serial_event_id":14578897,"task":12544,"unique_pid":13959427,"user_domain":"","user_name":"","user_sid":"","version":0,"xml_message":"<Event xmlns='http://schemas.microsoft.com/win/2004/08/events/event'><System><Provider Name='Microsoft-Windows-Security-Auditing' Guid='{54849625-5478-4994-a5ba-3e3b0328c30d}'/><EventID>4625</EventID><Version>0</Version><Level>0</Level><Task>12544</Task><Opcode>0</Opcode><Keywords>0x8010000000000000</Keywords><TimeCreated SystemTime='2020-05-13T18:00:02.553583800Z'/><EventRecordID>221018</EventRecordID><Correlation ActivityID='{5d09a242-9093-0001-9b95-57c5821dd601}'/><Execution ProcessID='588' ThreadID='628'/><Channel>Security</Channel><Computer>james-honeypot-windows-dirty</Computer><Security/></System><EventData><Data Name='SubjectUserSid'>S-1-0-0</Data><Data Name='SubjectUserName'>-</Data><Data Name='SubjectDomainName'>-</Data><Data Name='SubjectLogonId'>0x0</Data><Data Name='TargetUserSid'>S-1-0-0</Data><Data Name='TargetUserName'>FAXSERVER</Data><Data Name='TargetDomainName'></Data><Data Name='Status'>0xc000006d</Data><Data 
Name='FailureReason'>%%2313</Data><Data Name='SubStatus'>0xc0000064</Data><Data Name='LogonType'>3</Data><Data Name='LogonProcessName'>NtLmSsp </Data><Data Name='AuthenticationPackageName'>NTLM</Data><Data Name='WorkstationName'>-</Data><Data Name='TransmittedServices'>-</Data><Data Name='LmPackageName'>-</Data><Data Name='KeyLength'>0</Data><Data Name='ProcessId'>0x0</Data><Data Name='ProcessName'>-</Data><Data Name='IpAddress'>185.202.1.119</Data><Data Name='IpPort'>0</Data></EventData><RenderingInfo Culture='en-US'><Message>An account failed to log on.\r\n\r\nSubject:\r\n\tSecurity ID:\t\tS-1-0-0\r\n\tAccount Name:\t\t-\r\n\tAccount Domain:\t\t-\r\n\tLogon ID:\t\t0x0\r\n\r\nLogon Type:\t\t\t3\r\n\r\nAccount For Which Logon Failed:\r\n\tSecurity ID:\t\tS-1-0-0\r\n\tAccount Name:\t\tFAXSERVER\r\n\tAccount Domain:\t\t\r\n\r\nFailure Information:\r\n\tFailure Reason:\t\tUnknown user name or bad password.\r\n\tStatus:\t\t\t0xC000006D\r\n\tSub Status:\t\t0xC0000064\r\n\r\nProcess Information:\r\n\tCaller Process ID:\t0x0\r\n\tCaller Process Name:\t-\r\n\r\nNetwork Information:\r\n\tWorkstation Name:\t-\r\n\tSource Network Address:\t185.202.1.119\r\n\tSource Port:\t\t0\r\n\r\nDetailed Authentication Information:\r\n\tLogon Process:\t\tNtLmSsp \r\n\tAuthentication Package:\tNTLM\r\n\tTransited Services:\t-\r\n\tPackage Name (NTLM only):\t-\r\n\tKey Length:\t\t0\r\n\r\nThis event is generated when a logon request fails. It is generated on the computer where access was attempted.\r\n\r\nThe Subject fields indicate the account on the local system which requested the logon. This is most commonly a service such as the Server service, or a local process such as Winlogon.exe or Services.exe.\r\n\r\nThe Logon Type field indicates the kind of logon that was requested. The most common types are 2 (interactive) and 3 (network).\r\n\r\nThe Process Information fields indicate which account and process on the system requested the logon.\r\n\r\nThe Network Information fields indicate where a remote logon request originated. Workstation name is not always available and may be left blank in some cases.\r\n\r\nThe authentication information fields provide detailed information about this specific logon request.\r\n\t- Transited services indicate which intermediate services have participated in this logon request.\r\n\t- Package name indicates which sub-protocol was used among the NTLM protocols.\r\n\t- Key length indicates the length of the generated session key. This will be 0 if no session key was requested.</Message><Level>Information</Level><Task>Logon</Task><Opcode>Info</Opcode><Channel>Security</Channel><Provider>Microsoft Windows security auditing.</Provider><Keywords><Keyword>Audit Failure</Keyword></Keywords></RenderingInfo></Event>","task_name":"Logon","level_name":"Information","provider_name":"Microsoft-Windows-Security-Auditing","channel_name":"Security","computer_name":"james-honeypot-windows-dirty","provider_guid":"54849625-5478-4994-a5ba3e3b0328c30d","activity_id":"5d09a242-9093-0001-9b9557c5821dd601","pid":0,"system_process_name":"lsass.exe","system_process_path":"C:\\Windows\\System32\\lsass.exe","system_pid":588,"system_thread_id":628,"keyword_high":2097152,"keyword_low":0,"timestamp_high":61624992,"timestamp_low":1397405022,"event_record_high":0,"event_record_low":221018,"timestamp_string":"2020-05-13T18:00:02.553583800Z","target_user_name":"FAXSERVER","target_domain_name":"","logon_type":3,"ip_address":"185.202.1.119","event_data_process_id":0,"event_data_process_name":"-","event_data_process_path":"","subject_user_sid":"S-1-0-0","subject_user_name":"-","subject_domain_name":"-","subject_logon_id":"0x0","timestamp_utc":"2020-05-13 18:00:02Z","timestamp":132338664025535838}}
{"user":{"group":{"id":74},"id":"0","name":"root"},"host":{"os":{"platform":"linux","name":"Linux","version":"7.8.2003","family":"linux"},"ip":"10.156.0.2","hostname":"james-honeypot-logstash-demo","name":"james-honeypot-logstash-demo"},"event":{"module":"endgame","category":"process","dataset":"process","kind":"event","action":"gid_change"},"labels":{"account_id":"6e21f384-af6b-438a-b9da-ae5d46843b59","endpoint_id":"c34e930b-d205-47d3-b203-7d9d162f0dec"},"agent":{"type":"endgame","name":"endgame","id":"c34e930b-d205-47d3-b203-7d9d162f0dec","version":"3.54.4"},"ecs":{"version":"1.5.0"},"observer":{"type":"SMP","name":"6e21f384-af6b-438a-b9da-ae5d46843b59","version":"3.17"},"message":"Process changed its group id","@timestamp":1589648052000,"process":{"thread":{"id":13932},"parent":{"pid":13931,"name":"sshd","executable":"/usr/sbin/sshd"},"hash":{"md5":"686cd72b4339da33bfb6fe8fb94a301f","sha1":"0205dc86c73109c380f97b4481cad911b98df5cd","sha256":"2c6bf828ee0b4e78c49a71affd3d33b7916700cf7a288cd1a55fc4e701e50d68"},"pid":13932,"ppid":13931,"name":"sshd","executable":"/usr/sbin/sshd","args":["/usr/sbin/sshd","-D","-R"]},"endgame":{"effective_group_name":"","effective_user_name":"root","effective_gid":74,"effective_uid":0,"event_message":"Process changed its group id","event_subtype_full":"gid_change","event_type_full":"process_event","opcode":7,"pid":13932,"process_name":"sshd","process_path":"/usr/sbin/sshd","real_group_name":"","real_user_name":"root","real_gid":74,"real_uid":0,"serial_event_id":206939295,"unique_pid":206939294,"ppid":13931,"command_line":"/usr/sbin/sshd -D -R","parent_process_name":"sshd","parent_process_path":"/usr/sbin/sshd","md5":"686cd72b4339da33bfb6fe8fb94a301f","sha1":"0205dc86c73109c380f97b4481cad911b98df5cd","sha256":"2c6bf828ee0b4e78c49a71affd3d33b7916700cf7a288cd1a55fc4e701e50d68","unique_ppid":206939293,"tid":13932,"session_id":13931,"timestamp":132341216529385656}}
{"user":{"group":{"id":0,"name":"root"},"id":"0","name":"root"},"host":{"os":{"platform":"linux","name":"Linux","version":"7.7.1908","family":"linux"},"ip":"46.101.87.151","hostname":"jmsdolon01","name":"jmsdolon01"},"event":{"module":"endgame","category":"file","dataset":"file","kind":"event","action":"file_rename_event"},"labels":{"account_id":"6e21f384-af6b-438a-b9da-ae5d46843b59","endpoint_id":"5ed92842-59d2-4c9d-9c95-d1cf951ccc3b"},"agent":{"type":"endgame","name":"endgame","id":"5ed92842-59d2-4c9d-9c95-d1cf951ccc3b","version":"3.54.4"},"ecs":{"version":"1.5.0"},"observer":{"type":"SMP","name":"6e21f384-af6b-438a-b9da-ae5d46843b59","version":"3.17"},"@timestamp":1589967017000,"file":{"name":"registry","path":"/var/lib/journalbeat/registry"},"endgame":{"effective_group_name":"root","effective_user_name":"root","effective_gid":0,"effective_uid":0,"event_subtype_full":"file_rename_event","event_type_full":"file_event","opcode":3,"pid":31335,"process_name":"journalbeat","process_path":"/usr/share/journalbeat/bin/journalbeat","real_group_name":"root","real_user_name":"root","real_gid":0,"real_uid":0,"serial_event_id":188682087,"unique_pid":183544390,"file_path":"/var/lib/journalbeat/registry","file_name":"registry","old_file_path":"/var/lib/journalbeat/registry.new","md5":"1d679ac81709eca6b411783da33b3dd0","sha1":"153c73efd4d3df8cd7dff664ea6f901fbef11e45","sha256":"404ce151de4efad7f1585ebb99c5a511d3d05a10c7451445db14226edb425fd1","timestamp":132344406170675470}}
{"user":{"group":{"id":0,"name":"root"},"id":"0","name":"root"},"host":{"os":{"platform":"linux","name":"Linux","version":"7.8.2003","family":"linux"},"ip":"10.156.0.2","hostname":"james-honeypot-logstash-demo","name":"james-honeypot-logstash-demo"},"event":{"module":"endgame","category":"network","dataset":"network","kind":"event","action":"ipv4_disconnect_received_event"},"labels":{"account_id":"6e21f384-af6b-438a-b9da-ae5d46843b59","endpoint_id":"c34e930b-d205-47d3-b203-7d9d162f0dec"},"agent":{"type":"endgame","name":"endgame","id":"c34e930b-d205-47d3-b203-7d9d162f0dec","version":"3.54.4"},"ecs":{"version":"1.5.0"},"observer":{"type":"SMP","name":"6e21f384-af6b-438a-b9da-ae5d46843b59","version":"3.17"},"@timestamp":1589536755000,"network":{"community_id":"1:Cs7JcFPgsgJg+VE8widaDq1jue8=","transport":"tcp","bytes":1239},"process":{"pid":5899,"name":"heartbeat","executable":"/usr/share/heartbeat/bin/heartbeat"},"source":{"address":"10.156.0.2","ip":"10.156.0.2","port":37456,"bytes":411},"destination":{"address":"35.189.244.183","port":443,"ip":"35.189.244.183","bytes":828},"winlog":{"opcode":13},"endgame":{"effective_group_name":"root","effective_user_name":"root","effective_gid":0,"effective_uid":0,"event_subtype_full":"ipv4_disconnect_received_event","event_type_full":"network_event","opcode":13,"pid":5899,"process_name":"heartbeat","process_path":"/usr/share/heartbeat/bin/heartbeat","real_group_name":"root","real_user_name":"root","real_gid":0,"real_uid":0,"serial_event_id":205737574,"unique_pid":205052111,"protocol":"tcp","total_in_bytes":828,"total_out_bytes":411,"destination_address":"35.189.244.183","source_address":"10.156.0.2","source_port":37456,"destination_port":443,"timestamp":132340103550358291}}
{"user":{"group":{"id":1159},"id":"1158","name":"minemeld"},"host":{"os":{"platform":"linux","name":"Linux","version":"7.8.2003","family":"linux"},"ip":"10.156.0.2","hostname":"james-honeypot-logstash-demo","name":"james-honeypot-logstash-demo"},"event":{"module":"endgame","category":"file","dataset":"file","kind":"event","action":"file_create_event"},"labels":{"account_id":"6e21f384-af6b-438a-b9da-ae5d46843b59","endpoint_id":"c34e930b-d205-47d3-b203-7d9d162f0dec"},"agent":{"type":"endgame","name":"endgame","id":"c34e930b-d205-47d3-b203-7d9d162f0dec","version":"3.54.4"},"ecs":{"version":"1.5.0"},"observer":{"type":"SMP","name":"6e21f384-af6b-438a-b9da-ae5d46843b59","version":"3.17"},"@timestamp":1589601850000,"file":{"name":"api-config.lock","path":"/var/run/minemeld/api-config.lock"},"endgame":{"effective_group_name":"","effective_user_name":"minemeld","effective_gid":1159,"effective_uid":1158,"event_subtype_full":"file_create_event","event_type_full":"file_event","opcode":0,"pid":4096,"process_name":"python2.7","process_path":"/opt/minemeld/engine/current/bin/python2.7","real_group_name":"","real_user_name":"minemeld","real_gid":1159,"real_uid":1158,"serial_event_id":206413359,"unique_pid":202154527,"file_path":"/var/run/minemeld/api-config.lock","file_name":"api-config.lock","timestamp":132340754508967827}}
{"user":{"id":"S-1-5-20","domain":"NT AUTHORITY","name":"NETWORK SERVICE"},"host":{"os":{"platform":"windows","name":"Windows","version":"10.0","family":"windows"},"ip":"10.10.0.2","hostname":"james-honeypot-windows-dirty","name":"james-honeypot-windows-dirty"},"event":{"module":"endgame","category":"network","dataset":"network","kind":"event","action":"ipv4_disconnect_received_event"},"labels":{"account_id":"6e21f384-af6b-438a-b9da-ae5d46843b59","endpoint_id":"0915c8ab-1fcd-489e-affd-506a1b5e27b8"},"agent":{"type":"endgame","name":"endgame","id":"0915c8ab-1fcd-489e-affd-506a1b5e27b8","version":"3.54.4"},"ecs":{"version":"1.5.0"},"observer":{"type":"SMP","name":"6e21f384-af6b-438a-b9da-ae5d46843b59","version":"3.17"},"@timestamp":1589392803000,"network":{"community_id":"1:GPRp6sMo3UI2TMHha0Yq6g0Kn+c=","transport":"tcp","bytes":2921},"process":{"pid":304,"name":"svchost.exe","executable":"C:\\Windows\\System32\\svchost.exe"},"source":{"address":"185.202.1.119","ip":"185.202.1.119","port":12706,"bytes":1703},"destination":{"address":"10.10.0.2","port":3389,"ip":"10.10.0.2","bytes":1218},"winlog":{"opcode":13},"endgame":{"event_subtype_full":"ipv4_disconnect_received_event","event_type_full":"network_event","opcode":13,"pid":304,"process_name":"svchost.exe","process_path":"C:\\Windows\\System32\\svchost.exe","serial_event_id":14578899,"unique_pid":13959444,"user_domain":"NT AUTHORITY","user_name":"NETWORK SERVICE","user_sid":"S-1-5-20","protocol":"tcp","connection_id":1246643,"total_in_bytes":1218,"total_out_bytes":1703,"destination_address":"10.10.0.2","source_address":"185.202.1.119","source_port":12706,"destination_port":3389,"timestamp_utc":"2020-05-13 18:00:03Z","timestamp":132338664035639873}}
{"user":{"group":{"id":0,"name":"root"},"id":"0","name":"root"},"host":{"os":{"platform":"linux","name":"Linux","version":"7.8.2003","family":"linux"},"ip":"10.156.0.2","hostname":"james-honeypot-logstash-demo","name":"james-honeypot-logstash-demo"},"event":{"module":"endgame","category":"process","dataset":"process","type":"process_start","kind":"event","action":"exec_event"},"labels":{"account_id":"6e21f384-af6b-438a-b9da-ae5d46843b59","endpoint_id":"c34e930b-d205-47d3-b203-7d9d162f0dec"},"agent":{"type":"endgame","name":"endgame","id":"c34e930b-d205-47d3-b203-7d9d162f0dec","version":"3.54.4"},"ecs":{"version":"1.5.0"},"observer":{"type":"SMP","name":"6e21f384-af6b-438a-b9da-ae5d46843b59","version":"3.17"},"message":"Process exec'd a new image.","@timestamp":1589648053000,"process":{"thread":{"id":13936},"parent":{"pid":16337,"name":"sshd","executable":"/usr/sbin/sshd"},"hash":{"md5":"686cd72b4339da33bfb6fe8fb94a301f","sha1":"0205dc86c73109c380f97b4481cad911b98df5cd","sha256":"2c6bf828ee0b4e78c49a71affd3d33b7916700cf7a288cd1a55fc4e701e50d68"},"pid":13936,"ppid":16337,"name":"sshd","executable":"/usr/sbin/sshd","args":["/usr/sbin/sshd","-D","-R"]},"endgame":{"effective_group_name":"root","effective_user_name":"root","effective_gid":0,"effective_uid":0,"event_message":"Process exec'd a new image.","event_subtype_full":"exec_event","event_type_full":"process_event","opcode":5,"pid":13936,"process_name":"sshd","process_path":"/usr/sbin/sshd","real_group_name":"root","real_user_name":"root","real_gid":0,"real_uid":0,"serial_event_id":206939300,"unique_pid":206939300,"ppid":16337,"command_line":"/usr/sbin/sshd -D -R","parent_process_name":"sshd","parent_process_path":"/usr/sbin/sshd","md5":"686cd72b4339da33bfb6fe8fb94a301f","sha1":"0205dc86c73109c380f97b4481cad911b98df5cd","sha256":"2c6bf828ee0b4e78c49a71affd3d33b7916700cf7a288cd1a55fc4e701e50d68","unique_ppid":206939298,"tid":13936,"session_id":13936,"timestamp":132341216530577150}}
{"user":{"group":{"id":0,"name":"root"},"id":"0","name":"root"},"host":{"os":{"platform":"linux","name":"Linux","version":"7.7.1908","family":"linux"},"ip":"46.101.87.151","hostname":"jmsdolon01","name":"jmsdolon01"},"event":{"module":"endgame","category":"file","dataset":"file","kind":"event","action":"file_create_event"},"labels":{"account_id":"6e21f384-af6b-438a-b9da-ae5d46843b59","endpoint_id":"5ed92842-59d2-4c9d-9c95-d1cf951ccc3b"},"agent":{"type":"endgame","name":"endgame","id":"5ed92842-59d2-4c9d-9c95-d1cf951ccc3b","version":"3.54.4"},"ecs":{"version":"1.5.0"},"observer":{"type":"SMP","name":"6e21f384-af6b-438a-b9da-ae5d46843b59","version":"3.17"},"@timestamp":1589967017000,"file":{"name":"data.json.new","path":"/var/lib/filebeat/registry/filebeat/data.json.new"},"endgame":{"effective_group_name":"root","effective_user_name":"root","effective_gid":0,"effective_uid":0,"event_subtype_full":"file_create_event","event_type_full":"file_event","opcode":0,"pid":9513,"process_name":"filebeat","process_path":"/usr/share/filebeat/bin/filebeat","real_group_name":"root","real_user_name":"root","real_gid":0,"real_uid":0,"serial_event_id":188682088,"unique_pid":187696054,"file_path":"/var/lib/filebeat/registry/filebeat/data.json.new","file_name":"data.json.new","timestamp":132344406173794359}}
{"user":{"group":{"id":0,"name":"root"},"id":"0","name":"root"},"host":{"os":{"platform":"linux","name":"Linux","version":"7.8.2003","family":"linux"},"ip":"10.156.0.2","hostname":"james-honeypot-logstash-demo","name":"james-honeypot-logstash-demo"},"event":{"module":"endgame","category":"network","dataset":"network","kind":"event","action":"ipv4_connection_attempt_event"},"labels":{"account_id":"6e21f384-af6b-438a-b9da-ae5d46843b59","endpoint_id":"c34e930b-d205-47d3-b203-7d9d162f0dec"},"agent":{"type":"endgame","name":"endgame","id":"c34e930b-d205-47d3-b203-7d9d162f0dec","version":"3.54.4"},"ecs":{"version":"1.5.0"},"observer":{"type":"SMP","name":"6e21f384-af6b-438a-b9da-ae5d46843b59","version":"3.17"},"@timestamp":1589536755000,"network":{"community_id":"1:WEjtUc11SCDo8u0QfIbZjQQITJc=","transport":"tcp"},"process":{"pid":5899,"name":"heartbeat","executable":"/usr/share/heartbeat/bin/heartbeat"},"source":{"address":"10.156.0.2","ip":"10.156.0.2","port":59646,"bytes":0},"destination":{"address":"46.101.87.151","port":443,"ip":"46.101.87.151","bytes":0},"winlog":{"opcode":12},"endgame":{"effective_group_name":"root","effective_user_name":"root","effective_gid":0,"effective_uid":0,"event_subtype_full":"ipv4_connection_attempt_event","event_type_full":"network_event","opcode":12,"pid":5899,"process_name":"heartbeat","process_path":"/usr/share/heartbeat/bin/heartbeat","real_group_name":"root","real_user_name":"root","real_gid":0,"real_uid":0,"serial_event_id":205737578,"unique_pid":205052111,"protocol":"tcp","total_in_bytes":0,"total_out_bytes":0,"destination_address":"46.101.87.151","source_address":"10.156.0.2","source_port":59646,"destination_port":443,"timestamp":132340103551917837}}
{"user":{"group":{"id":0,"name":"root"},"id":"0","name":"root"},"host":{"os":{"platform":"linux","name":"Linux","version":"7.8.2003","family":"linux"},"ip":"10.156.0.2","hostname":"james-honeypot-logstash-demo","name":"james-honeypot-logstash-demo"},"event":{"module":"endgame","category":"file","dataset":"file","kind":"event","action":"file_rename_event"},"labels":{"account_id":"6e21f384-af6b-438a-b9da-ae5d46843b59","endpoint_id":"c34e930b-d205-47d3-b203-7d9d162f0dec"},"agent":{"type":"endgame","name":"endgame","id":"c34e930b-d205-47d3-b203-7d9d162f0dec","version":"3.54.4"},"ecs":{"version":"1.5.0"},"observer":{"type":"SMP","name":"6e21f384-af6b-438a-b9da-ae5d46843b59","version":"3.17"},"@timestamp":1589601850000,"file":{"name":"data.json","path":"/var/lib/filebeat/registry/filebeat/data.json"},"endgame":{"effective_group_name":"root","effective_user_name":"root","effective_gid":0,"effective_uid":0,"event_subtype_full":"file_rename_event","event_type_full":"file_event","opcode":3,"pid":5724,"process_name":"filebeat","process_path":"/usr/share/filebeat/bin/filebeat","real_group_name":"root","real_user_name":"root","real_gid":0,"real_uid":0,"serial_event_id":206413362,"unique_pid":205051640,"file_path":"/var/lib/filebeat/registry/filebeat/data.json","file_name":"data.json","old_file_path":"/var/lib/filebeat/registry/filebeat/data.json.new","md5":"5fe19d7bfa08f2d693ccd34e3d678c62","sha1":"6720172c7ecd403eb2d056f7176ff96e0adfa18a","sha256":"a7ccea1355b3a84e624053ce96fcb0c1190738acb2c3050e50e1a3eb25660bbb","timestamp":132340754509129465}}
{"user":{},"host":{"os":{"platform":"windows","name":"Windows","version":"10.0","family":"windows"},"ip":"10.10.0.2","hostname":"james-honeypot-windows-dirty","name":"james-honeypot-windows-dirty"},"event":{"module":"endgame","category":"authentication","dataset":"authentication","type":"authentication_failure","kind":"event","action":"user_logon_failed"},"labels":{"account_id":"6e21f384-af6b-438a-b9da-ae5d46843b59","endpoint_id":"0915c8ab-1fcd-489e-affd-506a1b5e27b8"},"agent":{"type":"endgame","name":"endgame","id":"0915c8ab-1fcd-489e-affd-506a1b5e27b8","version":"3.54.4"},"ecs":{"version":"1.5.0"},"observer":{"type":"SMP","name":"6e21f384-af6b-438a-b9da-ae5d46843b59","version":"3.17"},"message":"An account failed to log on.\r\n\r\nSubject:\r\n\tSecurity ID:\t\tS-1-0-0\r\n\tAccount Name:\t\t-\r\n\tAccount Domain:\t\t-\r\n\tLogon ID:\t\t0x0\r\n\r\nLogon Type:\t\t\t3\r\n\r\nAccount For Which Logon Failed:\r\n\tSecurity ID:\t\tS-1-0-0\r\n\tAccount Name:\t\tADMINISTRATOR\r\n\tAccount Domain:\t\t\r\n\r\nFailure Information:\r\n\tFailure Reason:\t\tUnknown user name or bad password.\r\n\tStatus:\t\t\t0xC000006D\r\n\tSub Status:\t\t0xC000006A\r\n\r\nProcess Information:\r\n\tCaller Process ID:\t0x0\r\n\tCaller Process Name:\t-\r\n\r\nNetwork Information:\r\n\tWorkstation Name:\t-\r\n\tSource Network Address:\t52.170.84.146\r\n\tSource Port:\t\t0\r\n\r\nDetailed Authentication Information:\r\n\tLogon Process:\t\tNtLmSsp \r\n\tAuthentication Package:\tNTLM\r\n\tTransited Services:\t-\r\n\tPackage Name (NTLM only):\t-\r\n\tKey Length:\t\t0\r\n\r\nThis event is generated when a logon request fails. It is generated on the computer where access was attempted.\r\n\r\nThe Subject fields indicate the account on the local system which requested the logon. This is most commonly a service such as the Server service, or a local process such as Winlogon.exe or Services.exe.\r\n\r\nThe Logon Type field indicates the kind of logon that was requested. The most common types are 2 (interactive) and 3 (network).\r\n\r\nThe Process Information fields indicate which account and process on the system requested the logon.\r\n\r\nThe Network Information fields indicate where a remote logon request originated. Workstation name is not always available and may be left blank in some cases.\r\n\r\nThe authentication information fields provide detailed information about this specific logon request.\r\n\t- Transited services indicate which intermediate services have participated in this logon request.\r\n\t- Package name indicates which sub-protocol was used among the NTLM protocols.\r\n\t- Key length indicates the length of the generated session key. This will be 0 if no session key was requested.","@timestamp":1589392803000,"process":{"pid":0,"name":"-"},"winlog":{"opcode":4625,"task":12544,"event_id":4625,"message":"<Event xmlns='http://schemas.microsoft.com/win/2004/08/events/event'><System><Provider Name='Microsoft-Windows-Security-Auditing' Guid='{54849625-5478-4994-a5ba-3e3b0328c30d}'/><EventID>4625</EventID><Version>0</Version><Level>0</Level><Task>12544</Task><Opcode>0</Opcode><Keywords>0x8010000000000000</Keywords><TimeCreated SystemTime='2020-05-13T18:00:03.954323200Z'/><EventRecordID>221020</EventRecordID><Correlation ActivityID='{5d09a242-9093-0001-9b95-57c5821dd601}'/><Execution ProcessID='588' ThreadID='628'/><Channel>Security</Channel><Computer>james-honeypot-windows-dirty</Computer><Security/></System><EventData><Data Name='SubjectUserSid'>S-1-0-0</Data><Data Name='SubjectUserName'>-</Data><Data Name='SubjectDomainName'>-</Data><Data Name='SubjectLogonId'>0x0</Data><Data Name='TargetUserSid'>S-1-0-0</Data><Data Name='TargetUserName'>ADMINISTRATOR</Data><Data Name='TargetDomainName'></Data><Data Name='Status'>0xc000006d</Data><Data Name='FailureReason'>%%2313</Data><Data Name='SubStatus'>0xc000006a</Data><Data Name='LogonType'>3</Data><Data Name='LogonProcessName'>NtLmSsp </Data><Data Name='AuthenticationPackageName'>NTLM</Data><Data Name='WorkstationName'>-</Data><Data Name='TransmittedServices'>-</Data><Data Name='LmPackageName'>-</Data><Data Name='KeyLength'>0</Data><Data Name='ProcessId'>0x0</Data><Data Name='ProcessName'>-</Data><Data Name='IpAddress'>52.170.84.146</Data><Data Name='IpPort'>0</Data></EventData><RenderingInfo Culture='en-US'><Message>An account failed to log on.\r\n\r\nSubject:\r\n\tSecurity ID:\t\tS-1-0-0\r\n\tAccount Name:\t\t-\r\n\tAccount Domain:\t\t-\r\n\tLogon ID:\t\t0x0\r\n\r\nLogon Type:\t\t\t3\r\n\r\nAccount For Which Logon Failed:\r\n\tSecurity ID:\t\tS-1-0-0\r\n\tAccount Name:\t\tADMINISTRATOR\r\n\tAccount Domain:\t\t\r\n\r\nFailure Information:\r\n\tFailure Reason:\t\tUnknown user name or bad password.\r\n\tStatus:\t\t\t0xC000006D\r\n\tSub Status:\t\t0xC000006A\r\n\r\nProcess Information:\r\n\tCaller Process ID:\t0x0\r\n\tCaller Process Name:\t-\r\n\r\nNetwork Information:\r\n\tWorkstation Name:\t-\r\n\tSource Network Address:\t52.170.84.146\r\n\tSource Port:\t\t0\r\n\r\nDetailed Authentication Information:\r\n\tLogon Process:\t\tNtLmSsp \r\n\tAuthentication Package:\tNTLM\r\n\tTransited Services:\t-\r\n\tPackage Name (NTLM only):\t-\r\n\tKey Length:\t\t0\r\n\r\nThis event is generated when a logon request fails. It is generated on the computer where access was attempted.\r\n\r\nThe Subject fields indicate the account on the local system which requested the logon. This is most commonly a service such as the Server service, or a local process such as Winlogon.exe or Services.exe.\r\n\r\nThe Logon Type field indicates the kind of logon that was requested. The most common types are 2 (interactive) and 3 (network).\r\n\r\nThe Process Information fields indicate which account and process on the system requested the logon.\r\n\r\nThe Network Information fields indicate where a remote logon request originated. Workstation name is not always available and may be left blank in some cases.\r\n\r\nThe authentication information fields provide detailed information about this specific logon request.\r\n\t- Transited services indicate which intermediate services have participated in this logon request.\r\n\t- Package name indicates which sub-protocol was used among the NTLM protocols.\r\n\t- Key length indicates the length of the generated session key. This will be 0 if no session key was requested.</Message><Level>Information</Level><Task>Logon</Task><Opcode>Info</Opcode><Channel>Security</Channel><Provider>Microsoft Windows security auditing.</Provider><Keywords><Keyword>Audit Failure</Keyword></Keywords></RenderingInfo></Event>","provider_guid":"54849625-5478-4994-a5ba3e3b0328c30d","provider_name":"Microsoft-Windows-Security-Auditing","channel":"Security","computer_name":"james-honeypot-windows-dirty"},"endgame":{"event_id":4625,"event_message":"An account failed to log on.\r\n\r\nSubject:\r\n\tSecurity ID:\t\tS-1-0-0\r\n\tAccount Name:\t\t-\r\n\tAccount Domain:\t\t-\r\n\tLogon ID:\t\t0x0\r\n\r\nLogon Type:\t\t\t3\r\n\r\nAccount For Which Logon Failed:\r\n\tSecurity ID:\t\tS-1-0-0\r\n\tAccount Name:\t\tADMINISTRATOR\r\n\tAccount Domain:\t\t\r\n\r\nFailure Information:\r\n\tFailure Reason:\t\tUnknown user name or bad password.\r\n\tStatus:\t\t\t0xC000006D\r\n\tSub Status:\t\t0xC000006A\r\n\r\nProcess Information:\r\n\tCaller Process ID:\t0x0\r\n\tCaller Process Name:\t-\r\n\r\nNetwork Information:\r\n\tWorkstation Name:\t-\r\n\tSource Network Address:\t52.170.84.146\r\n\tSource Port:\t\t0\r\n\r\nDetailed Authentication Information:\r\n\tLogon Process:\t\tNtLmSsp \r\n\tAuthentication Package:\tNTLM\r\n\tTransited Services:\t-\r\n\tPackage Name (NTLM only):\t-\r\n\tKey Length:\t\t0\r\n\r\nThis event is generated when a logon request fails. It is generated on the computer where access was attempted.\r\n\r\nThe Subject fields indicate the account on the local system which requested the logon. This is most commonly a service such as the Server service, or a local process such as Winlogon.exe or Services.exe.\r\n\r\nThe Logon Type field indicates the kind of logon that was requested. The most common types are 2 (interactive) and 3 (network).\r\n\r\nThe Process Information fields indicate which account and process on the system requested the logon.\r\n\r\nThe Network Information fields indicate where a remote logon request originated. Workstation name is not always available and may be left blank in some cases.\r\n\r\nThe authentication information fields provide detailed information about this specific logon request.\r\n\t- Transited services indicate which intermediate services have participated in this logon request.\r\n\t- Package name indicates which sub-protocol was used among the NTLM protocols.\r\n\t- Key length indicates the length of the generated session key. This will be 0 if no session key was requested.","event_subtype_full":"user_logon_failed","event_type_full":"security_event","level":0,"opcode":4625,"opcode_name":"Info","process_name":"-","process_path":"","serial_event_id":14578905,"task":12544,"unique_pid":13959427,"user_domain":"","user_name":"","user_sid":"","version":0,"xml_message":"<Event xmlns='http://schemas.microsoft.com/win/2004/08/events/event'><System><Provider Name='Microsoft-Windows-Security-Auditing' Guid='{54849625-5478-4994-a5ba-3e3b0328c30d}'/><EventID>4625</EventID><Version>0</Version><Level>0</Level><Task>12544</Task><Opcode>0</Opcode><Keywords>0x8010000000000000</Keywords><TimeCreated SystemTime='2020-05-13T18:00:03.954323200Z'/><EventRecordID>221020</EventRecordID><Correlation ActivityID='{5d09a242-9093-0001-9b95-57c5821dd601}'/><Execution ProcessID='588' ThreadID='628'/><Channel>Security</Channel><Computer>james-honeypot-windows-dirty</Computer><Security/></System><EventData><Data Name='SubjectUserSid'>S-1-0-0</Data><Data Name='SubjectUserName'>-</Data><Data Name='SubjectDomainName'>-</Data><Data Name='SubjectLogonId'>0x0</Data><Data Name='TargetUserSid'>S-1-0-0</Data><Data Name='TargetUserName'>ADMINISTRATOR</Data><Data Name='TargetDomainName'></Data><Data Name='Status'
>0xc000006d</Data><Data Name='FailureReason'>%%2313</Data><Data Name='SubStatus'>0xc000006a</Data><Data Name='LogonType'>3</Data><Data Name='LogonProcessName'>NtLmSsp </Data><Data Name='AuthenticationPackageName'>NTLM</Data><Data Name='WorkstationName'>-</Data><Data Name='TransmittedServices'>-</Data><Data Name='LmPackageName'>-</Data><Data Name='KeyLength'>0</Data><Data Name='ProcessId'>0x0</Data><Data Name='ProcessName'>-</Data><Data Name='IpAddress'>52.170.84.146</Data><Data Name='IpPort'>0</Data></EventData><RenderingInfo Culture='en-US'><Message>An account failed to log on.\r\n\r\nSubject:\r\n\tSecurity ID:\t\tS-1-0-0\r\n\tAccount Name:\t\t-\r\n\tAccount Domain:\t\t-\r\n\tLogon ID:\t\t0x0\r\n\r\nLogon Type:\t\t\t3\r\n\r\nAccount For Which Logon Failed:\r\n\tSecurity ID:\t\tS-1-0-0\r\n\tAccount Name:\t\tADMINISTRATOR\r\n\tAccount Domain:\t\t\r\n\r\nFailure Information:\r\n\tFailure Reason:\t\tUnknown user name or bad password.\r\n\tStatus:\t\t\t0xC000006D\r\n\tSub Status:\t\t0xC000006A\r\n\r\nProcess Information:\r\n\tCaller Process ID:\t0x0\r\n\tCaller Process Name:\t-\r\n\r\nNetwork Information:\r\n\tWorkstation Name:\t-\r\n\tSource Network Address:\t52.170.84.146\r\n\tSource Port:\t\t0\r\n\r\nDetailed Authentication Information:\r\n\tLogon Process:\t\tNtLmSsp \r\n\tAuthentication Package:\tNTLM\r\n\tTransited Services:\t-\r\n\tPackage Name (NTLM only):\t-\r\n\tKey Length:\t\t0\r\n\r\nThis event is generated when a logon request fails. It is generated on the computer where access was attempted.\r\n\r\nThe Subject fields indicate the account on the local system which requested the logon. This is most commonly a service such as the Server service, or a local process such as Winlogon.exe or Services.exe.\r\n\r\nThe Logon Type field indicates the kind of logon that was requested. The most common types are 2 (interactive) and 3 (network).\r\n\r\nThe Process Information fields indicate which account and process on the system requested the logon.\r\n\r\nThe Network Information fields indicate where a remote logon request originated. Workstation name is not always available and may be left blank in some cases.\r\n\r\nThe authentication information fields provide detailed information about this specific logon request.\r\n\t- Transited services indicate which intermediate services have participated in this logon request.\r\n\t- Package name indicates which sub-protocol was used among the NTLM protocols.\r\n\t- Key length indicates the length of the generated session key. This will be 0 if no session key was requested.</Message><Level>Information</Level><Task>Logon</Task><Opcode>Info</Opcode><Channel>Security</Channel><Provider>Microsoft Windows security auditing.</Provider><Keywords><Keyword>Audit Failure</Keyword></Keywords></RenderingInfo></Event>","task_name":"Logon","level_name":"Information","provider_name":"Microsoft-Windows-Security-Auditing","channel_name":"Security","computer_name":"james-honeypot-windows-dirty","provider_guid":"54849625-5478-4994-a5ba3e3b0328c30d","activity_id":"5d09a242-9093-0001-9b9557c5821dd601","pid":0,"system_process_name":"lsass.exe","system_process_path":"C:\\Windows\\System32\\lsass.exe","system_pid":588,"system_thread_id":628,"keyword_high":2097152,"keyword_low":0,"timestamp_high":61624992,"timestamp_low":1411412416,"event_record_high":0,"event_record_low":221020,"timestamp_string":"2020-05-13T18:00:03.954323200Z","target_user_name":"ADMINISTRATOR","target_domain_name":"","logon_type":3,"ip_address":"52.170.84.146","event_data_process_id":0,"event_data_process_name":"-","event_data_process_path":"","subject_user_sid":"S-1-0-0","subject_user_name":"-","subject_domain_name":"-","subject_logon_id":"0x0","timestamp_utc":"2020-05-13 18:00:03Z","timestamp":132338664039543232}}
